{
  "RSpec": {
    "coverage": {
      "/Users/Student/Desktop/Tristan_Makers/week6/MakersAirBnB/spec/units/available_dates_spec.rb": {
        "lines": [
          1,
          null,
          1,
          2,
          null,
          1,
          1,
          1,
          1,
          null,
          null,
          1,
          1,
          null,
          1,
          null,
          1,
          null,
          1,
          1,
          1,
          null,
          null,
          null,
          1,
          1,
          null,
          1,
          null,
          1,
          null,
          1,
          1,
          1,
          null,
          null,
          null
        ]
      },
      "/Users/Student/Desktop/Tristan_Makers/week6/MakersAirBnB/lib/available_dates.rb": {
        "lines": [
          1,
          null,
          1,
          null,
          1,
          7,
          7,
          7,
          null,
          null,
          1,
          6,
          12,
          null,
          null,
          1,
          1,
          null,
          null,
          null
        ]
      }
    },
    "timestamp": 1592489721
  }
}
